<?xml version="1.0" encoding="UTF-8"?>
<!-- Generated by org.testng.reporters.JUnitXMLReporter -->
<testsuite ignored="0" hostname="DESKTOP-69P9OLH" failures="1" tests="2" name="Test" time="34.02" errors="0" timestamp="2022-09-16T16:19:51 IST">
  <testcase classname="org.sdet40.practise.ScreenShotPractice" name="screenShot" time="0.05"/>
  <testcase classname="org.sdet40.practise.screenShotPractice2" name="screenShot" time="0.007">
    <failure type="java.lang.AssertionError" message="null">
      <![CDATA[java.lang.AssertionError: null
at org.sdet40.practise.screenShotPractice2.screenShot(screenShotPractice2.java:16)
at java.base/java.util.ArrayList.forEach(ArrayList.java:1511)
... Removed 29 stack frames]]>
    </failure>
  </testcase> <!-- screenShot -->
</testsuite> <!-- Test -->
