<?xml version="1.0" encoding="UTF-8"?>
<testng-results skipped="0" failed="0" ignored="0" total="1" passed="1">
  <reporter-output>
  </reporter-output>
  <suite name="Default suite" duration-ms="27092" started-at="2022-09-22T16:18:23 IST" finished-at="2022-09-22T16:18:50 IST">
    <groups>
    </groups>
    <test name="Default test" duration-ms="27092" started-at="2022-09-22T16:18:23 IST" finished-at="2022-09-22T16:18:50 IST">
      <class name="org.sdet40.practise.DeleteOrdersTest">
        <test-method status="PASS" signature="classSetup()[pri:0, instance:org.sdet40.practise.DeleteOrdersTest@646007f4]" name="classSetup" is-config="true" duration-ms="15557" started-at="2022-09-22T16:18:23 IST" finished-at="2022-09-22T16:18:39 IST">
          <reporter-output>
          </reporter-output>
        </test-method> <!-- classSetup -->
        <test-method status="PASS" signature="methodSetUp1()[pri:0, instance:org.sdet40.practise.DeleteOrdersTest@646007f4]" name="methodSetUp1" is-config="true" duration-ms="1" started-at="2022-09-22T16:18:39 IST" finished-at="2022-09-22T16:18:39 IST">
          <reporter-output>
          </reporter-output>
        </test-method> <!-- methodSetUp1 -->
        <test-method status="PASS" signature="deleteOrdersPlacedByCustomer()[pri:0, instance:org.sdet40.practise.DeleteOrdersTest@646007f4]" name="deleteOrdersPlacedByCustomer" duration-ms="10798" started-at="2022-09-22T16:18:39 IST" finished-at="2022-09-22T16:18:50 IST">
          <reporter-output>
          </reporter-output>
        </test-method> <!-- deleteOrdersPlacedByCustomer -->
        <test-method status="PASS" signature="methodSetUp2()[pri:0, instance:org.sdet40.practise.DeleteOrdersTest@646007f4]" name="methodSetUp2" is-config="true" duration-ms="1" started-at="2022-09-22T16:18:50 IST" finished-at="2022-09-22T16:18:50 IST">
          <reporter-output>
          </reporter-output>
        </test-method> <!-- methodSetUp2 -->
        <test-method status="PASS" signature="classTearDown()[pri:0, instance:org.sdet40.practise.DeleteOrdersTest@646007f4]" name="classTearDown" is-config="true" duration-ms="677" started-at="2022-09-22T16:18:50 IST" finished-at="2022-09-22T16:18:50 IST">
          <reporter-output>
          </reporter-output>
        </test-method> <!-- classTearDown -->
      </class> <!-- org.sdet40.practise.DeleteOrdersTest -->
    </test> <!-- Default test -->
  </suite> <!-- Default suite -->
</testng-results>
